<?xml version="1.0" encoding="UTF-8"?>
<testng-results ignored="0" total="1" passed="1" failed="0" skipped="0">
  <reporter-output>
  </reporter-output>
  <suite started-at="2023-11-03T11:04:36 IST" name="Default suite" finished-at="2023-11-03T11:08:44 IST" duration-ms="248638">
    <groups>
    </groups>
    <test started-at="2023-11-03T11:04:36 IST" name="Default test" finished-at="2023-11-03T11:08:44 IST" duration-ms="248638">
      <class name="maventest.SOTC_Test">
        <test-method is-config="true" signature="setup()[pri:0, instance:maventest.SOTC_Test@2d3379b4]" started-at="2023-11-03T11:04:36 IST" name="setup" finished-at="2023-11-03T11:05:03 IST" duration-ms="27110" status="PASS">
          <reporter-output>
          </reporter-output>
        </test-method> <!-- setup -->
        <test-method is-config="true" signature="url()[pri:0, instance:maventest.SOTC_Test@2d3379b4]" started-at="2023-11-03T11:05:03 IST" name="url" finished-at="2023-11-03T11:05:18 IST" duration-ms="15322" status="PASS">
          <reporter-output>
          </reporter-output>
        </test-method> <!-- url -->
        <test-method signature="Test()[pri:0, instance:maventest.SOTC_Test@2d3379b4]" started-at="2023-11-03T11:05:18 IST" name="Test" finished-at="2023-11-03T11:08:44 IST" duration-ms="206087" status="PASS">
          <reporter-output>
          </reporter-output>
        </test-method> <!-- Test -->
      </class> <!-- maventest.SOTC_Test -->
    </test> <!-- Default test -->
  </suite> <!-- Default suite -->
</testng-results>
